2026/06/03 11:12:36 [emerg] 1#1: host not found in upstream "app" in /etc/nginx/conf.d/default.conf:23
2026/06/03 11:12:45 [emerg] 1#1: host not found in upstream "app" in /etc/nginx/conf.d/default.conf:23
2026/06/03 11:12:56 [emerg] 1#1: host not found in upstream "app" in /etc/nginx/conf.d/default.conf:23
2026/06/03 11:13:04 [emerg] 1#1: host not found in upstream "app" in /etc/nginx/conf.d/default.conf:23
2026/06/03 11:13:11 [emerg] 1#1: host not found in upstream "app" in /etc/nginx/conf.d/default.conf:23
2026/06/03 11:13:18 [emerg] 1#1: host not found in upstream "app" in /etc/nginx/conf.d/default.conf:23
2026/06/03 11:13:29 [emerg] 1#1: host not found in upstream "app" in /etc/nginx/conf.d/default.conf:23
2026/06/03 11:13:43 [emerg] 1#1: host not found in upstream "app" in /etc/nginx/conf.d/default.conf:23
2026/06/03 11:14:04 [emerg] 1#1: host not found in upstream "app" in /etc/nginx/conf.d/default.conf:23
2026/06/03 11:14:36 [emerg] 1#1: host not found in upstream "app" in /etc/nginx/conf.d/default.conf:23
2026/06/03 11:15:35 [emerg] 1#1: host not found in upstream "app" in /etc/nginx/conf.d/default.conf:23
2026/06/03 11:16:41 [emerg] 1#1: host not found in upstream "app" in /etc/nginx/conf.d/default.conf:23
2026/06/03 11:17:47 [emerg] 1#1: host not found in upstream "app" in /etc/nginx/conf.d/default.conf:23
2026/06/03 11:18:55 [emerg] 1#1: host not found in upstream "app" in /etc/nginx/conf.d/default.conf:23
2026/06/03 11:53:19 [emerg] 1#1: host not found in upstream "app" in /etc/nginx/conf.d/default.conf:23
2026/06/03 11:54:26 [emerg] 1#1: host not found in upstream "app" in /etc/nginx/conf.d/default.conf:23
2026/06/03 11:55:33 [emerg] 1#1: host not found in upstream "app" in /etc/nginx/conf.d/default.conf:23
2026/06/03 11:56:42 [emerg] 1#1: host not found in upstream "app" in /etc/nginx/conf.d/default.conf:23
2026/06/03 11:57:50 [emerg] 1#1: host not found in upstream "app" in /etc/nginx/conf.d/default.conf:23
2026/06/03 11:58:55 [emerg] 1#1: host not found in upstream "app" in /etc/nginx/conf.d/default.conf:23
2026/06/03 12:00:00 [emerg] 1#1: host not found in upstream "app" in /etc/nginx/conf.d/default.conf:23
2026/06/03 12:01:05 [emerg] 1#1: host not found in upstream "app" in /etc/nginx/conf.d/default.conf:23
2026/06/03 12:02:09 [emerg] 1#1: host not found in upstream "app" in /etc/nginx/conf.d/default.conf:23
2026/06/03 12:03:14 [emerg] 1#1: host not found in upstream "app" in /etc/nginx/conf.d/default.conf:23
2026/06/03 12:04:19 [emerg] 1#1: host not found in upstream "app" in /etc/nginx/conf.d/default.conf:23
2026/06/03 12:05:24 [emerg] 1#1: host not found in upstream "app" in /etc/nginx/conf.d/default.conf:23
2026/06/03 12:06:30 [emerg] 1#1: host not found in upstream "app" in /etc/nginx/conf.d/default.conf:23
2026/06/03 12:07:35 [emerg] 1#1: host not found in upstream "app" in /etc/nginx/conf.d/default.conf:23
2026/06/03 12:08:42 [emerg] 1#1: host not found in upstream "app" in /etc/nginx/conf.d/default.conf:23
2026/06/03 12:09:46 [emerg] 1#1: host not found in upstream "app" in /etc/nginx/conf.d/default.conf:23
2026/06/03 12:10:51 [emerg] 1#1: host not found in upstream "app" in /etc/nginx/conf.d/default.conf:23
2026/06/03 12:11:57 [emerg] 1#1: host not found in upstream "app" in /etc/nginx/conf.d/default.conf:23
2026/06/03 12:13:01 [emerg] 1#1: host not found in upstream "app" in /etc/nginx/conf.d/default.conf:23
2026/06/03 12:14:07 [emerg] 1#1: host not found in upstream "app" in /etc/nginx/conf.d/default.conf:23
2026/06/03 12:15:12 [emerg] 1#1: host not found in upstream "app" in /etc/nginx/conf.d/default.conf:23
2026/06/03 12:16:17 [emerg] 1#1: host not found in upstream "app" in /etc/nginx/conf.d/default.conf:23
2026/06/03 12:17:21 [emerg] 1#1: host not found in upstream "app" in /etc/nginx/conf.d/default.conf:23
2026/06/03 12:18:26 [emerg] 1#1: host not found in upstream "app" in /etc/nginx/conf.d/default.conf:23
2026/06/03 12:19:31 [emerg] 1#1: host not found in upstream "app" in /etc/nginx/conf.d/default.conf:23
2026/06/03 12:20:36 [emerg] 1#1: host not found in upstream "app" in /etc/nginx/conf.d/default.conf:23
2026/06/03 12:21:40 [emerg] 1#1: host not found in upstream "app" in /etc/nginx/conf.d/default.conf:23
2026/06/03 12:22:47 [emerg] 1#1: host not found in upstream "app" in /etc/nginx/conf.d/default.conf:23
2026/06/03 12:23:54 [notice] 1#1: using the "epoll" event method
2026/06/03 12:23:54 [notice] 1#1: nginx/1.31.1
2026/06/03 12:23:54 [notice] 1#1: built by gcc 15.2.0 (Alpine 15.2.0) 
2026/06/03 12:23:54 [notice] 1#1: OS: Linux 6.6.114.1-microsoft-standard-WSL2
2026/06/03 12:23:54 [notice] 1#1: getrlimit(RLIMIT_NOFILE): 1048576:1048576
2026/06/03 12:23:54 [notice] 1#1: start worker processes
2026/06/03 12:23:54 [notice] 1#1: start worker process 29
2026/06/03 12:23:54 [notice] 1#1: start worker process 30
2026/06/03 12:23:54 [notice] 1#1: start worker process 31
2026/06/03 12:23:54 [notice] 1#1: start worker process 32
2026/06/03 12:23:54 [notice] 1#1: start worker process 33
2026/06/03 12:23:54 [notice] 1#1: start worker process 34
2026/06/03 12:23:54 [notice] 1#1: start worker process 35
2026/06/03 12:23:54 [notice] 1#1: start worker process 36
2026/06/03 12:31:39 [notice] 1#1: signal 3 (SIGQUIT) received, shutting down
2026/06/03 12:31:39 [notice] 31#31: gracefully shutting down
2026/06/03 12:31:39 [notice] 29#29: gracefully shutting down
2026/06/03 12:31:39 [notice] 30#30: gracefully shutting down
2026/06/03 12:31:39 [notice] 30#30: exiting
2026/06/03 12:31:39 [notice] 33#33: gracefully shutting down
2026/06/03 12:31:39 [notice] 33#33: exiting
2026/06/03 12:31:39 [notice] 32#32: gracefully shutting down
2026/06/03 12:31:39 [notice] 35#35: gracefully shutting down
2026/06/03 12:31:39 [notice] 34#34: gracefully shutting down
2026/06/03 12:31:39 [notice] 36#36: gracefully shutting down
2026/06/03 12:31:39 [notice] 31#31: exiting
2026/06/03 12:31:39 [notice] 29#29: exiting
2026/06/03 12:31:39 [notice] 30#30: exit
2026/06/03 12:31:39 [notice] 33#33: exit
2026/06/03 12:31:39 [notice] 32#32: exiting
2026/06/03 12:31:39 [notice] 35#35: exiting
2026/06/03 12:31:39 [notice] 32#32: exit
2026/06/03 12:31:39 [notice] 34#34: exiting
2026/06/03 12:31:39 [notice] 36#36: exiting
2026/06/03 12:31:39 [notice] 31#31: exit
2026/06/03 12:31:39 [notice] 29#29: exit
2026/06/03 12:31:39 [notice] 35#35: exit
2026/06/03 12:31:39 [notice] 34#34: exit
2026/06/03 12:31:39 [notice] 36#36: exit
2026/06/03 12:31:39 [notice] 1#1: signal 17 (SIGCHLD) received from 32
2026/06/03 12:31:39 [notice] 1#1: worker process 32 exited with code 0
2026/06/03 12:31:39 [notice] 1#1: signal 29 (SIGIO) received
2026/06/03 12:31:39 [notice] 1#1: signal 17 (SIGCHLD) received from 33
2026/06/03 12:31:39 [notice] 1#1: worker process 30 exited with code 0
2026/06/03 12:31:39 [notice] 1#1: worker process 33 exited with code 0
2026/06/03 12:31:39 [notice] 1#1: signal 29 (SIGIO) received
2026/06/03 12:31:39 [notice] 1#1: signal 17 (SIGCHLD) received from 35
2026/06/03 12:31:39 [notice] 1#1: worker process 31 exited with code 0
2026/06/03 12:31:39 [notice] 1#1: worker process 34 exited with code 0
2026/06/03 12:31:39 [notice] 1#1: worker process 35 exited with code 0
2026/06/03 12:31:39 [notice] 1#1: worker process 36 exited with code 0
2026/06/03 12:31:39 [notice] 1#1: signal 29 (SIGIO) received
2026/06/03 12:31:39 [notice] 1#1: signal 17 (SIGCHLD) received from 36
2026/06/03 12:31:39 [notice] 1#1: signal 17 (SIGCHLD) received from 29
2026/06/03 12:31:39 [notice] 1#1: worker process 29 exited with code 0
2026/06/03 12:31:39 [notice] 1#1: exit
2026/06/03 14:08:13 [emerg] 1#1: host not found in upstream "app" in /etc/nginx/conf.d/default.conf:23
2026/06/03 14:08:20 [notice] 1#1: using the "epoll" event method
2026/06/03 14:08:20 [notice] 1#1: nginx/1.31.1
2026/06/03 14:08:20 [notice] 1#1: built by gcc 15.2.0 (Alpine 15.2.0) 
2026/06/03 14:08:20 [notice] 1#1: OS: Linux 6.6.114.1-microsoft-standard-WSL2
2026/06/03 14:08:20 [notice] 1#1: getrlimit(RLIMIT_NOFILE): 1048576:1048576
2026/06/03 14:08:20 [notice] 1#1: start worker processes
2026/06/03 14:08:20 [notice] 1#1: start worker process 29
2026/06/03 14:08:20 [notice] 1#1: start worker process 30
2026/06/03 14:08:20 [notice] 1#1: start worker process 31
2026/06/03 14:08:20 [notice] 1#1: start worker process 32
2026/06/03 14:08:20 [notice] 1#1: start worker process 33
2026/06/03 14:08:20 [notice] 1#1: start worker process 34
2026/06/03 14:08:20 [notice] 1#1: start worker process 35
2026/06/03 14:08:20 [notice] 1#1: start worker process 36
2026/06/03 15:15:51 [notice] 1#1: signal 3 (SIGQUIT) received, shutting down
2026/06/03 15:15:51 [notice] 29#29: gracefully shutting down
2026/06/03 15:15:51 [notice] 31#31: gracefully shutting down
2026/06/03 15:15:51 [notice] 34#34: gracefully shutting down
2026/06/03 15:15:51 [notice] 36#36: gracefully shutting down
2026/06/03 15:15:51 [notice] 30#30: gracefully shutting down
2026/06/03 15:15:51 [notice] 35#35: gracefully shutting down
2026/06/03 15:15:51 [notice] 33#33: gracefully shutting down
2026/06/03 15:15:51 [notice] 32#32: gracefully shutting down
2026/06/03 15:15:51 [notice] 29#29: exiting
2026/06/03 15:15:51 [notice] 31#31: exiting
2026/06/03 15:15:51 [notice] 34#34: exiting
2026/06/03 15:15:51 [notice] 36#36: exiting
2026/06/03 15:15:51 [notice] 30#30: exiting
2026/06/03 15:15:51 [notice] 35#35: exiting
2026/06/03 15:15:51 [notice] 30#30: exit
2026/06/03 15:15:51 [notice] 33#33: exiting
2026/06/03 15:15:51 [notice] 32#32: exiting
2026/06/03 15:15:51 [notice] 29#29: exit
2026/06/03 15:15:51 [notice] 31#31: exit
2026/06/03 15:15:51 [notice] 34#34: exit
2026/06/03 15:15:51 [notice] 36#36: exit
2026/06/03 15:15:51 [notice] 35#35: exit
2026/06/03 15:15:51 [notice] 33#33: exit
2026/06/03 15:15:51 [notice] 32#32: exit
2026/06/03 15:15:51 [notice] 1#1: signal 17 (SIGCHLD) received from 30
2026/06/03 15:15:51 [notice] 1#1: worker process 30 exited with code 0
2026/06/03 15:15:51 [notice] 1#1: signal 29 (SIGIO) received
2026/06/03 15:15:51 [notice] 1#1: signal 17 (SIGCHLD) received from 35
2026/06/03 15:15:51 [notice] 1#1: worker process 35 exited with code 0
2026/06/03 15:15:51 [notice] 1#1: signal 29 (SIGIO) received
2026/06/03 15:15:51 [notice] 1#1: signal 17 (SIGCHLD) received from 29
2026/06/03 15:15:51 [notice] 1#1: worker process 29 exited with code 0
2026/06/03 15:15:51 [notice] 1#1: worker process 31 exited with code 0
2026/06/03 15:15:51 [notice] 1#1: worker process 33 exited with code 0
2026/06/03 15:15:51 [notice] 1#1: worker process 34 exited with code 0
2026/06/03 15:15:51 [notice] 1#1: signal 29 (SIGIO) received
2026/06/03 15:15:51 [notice] 1#1: signal 17 (SIGCHLD) received from 34
2026/06/03 15:15:51 [notice] 1#1: signal 17 (SIGCHLD) received from 32
2026/06/03 15:15:51 [notice] 1#1: worker process 32 exited with code 0
2026/06/03 15:15:51 [notice] 1#1: worker process 36 exited with code 0
2026/06/03 15:15:51 [notice] 1#1: exit
2026/06/03 15:21:09 [notice] 1#1: using the "epoll" event method
2026/06/03 15:21:09 [notice] 1#1: nginx/1.31.1
2026/06/03 15:21:09 [notice] 1#1: built by gcc 15.2.0 (Alpine 15.2.0) 
2026/06/03 15:21:09 [notice] 1#1: OS: Linux 6.6.114.1-microsoft-standard-WSL2
2026/06/03 15:21:09 [notice] 1#1: getrlimit(RLIMIT_NOFILE): 1048576:1048576
2026/06/03 15:21:09 [notice] 1#1: start worker processes
2026/06/03 15:21:09 [notice] 1#1: start worker process 29
2026/06/03 15:21:09 [notice] 1#1: start worker process 30
2026/06/03 15:21:09 [notice] 1#1: start worker process 31
2026/06/03 15:21:09 [notice] 1#1: start worker process 32
2026/06/03 15:21:09 [notice] 1#1: start worker process 33
2026/06/03 15:21:09 [notice] 1#1: start worker process 34
2026/06/03 15:21:09 [notice] 1#1: start worker process 35
2026/06/03 15:21:09 [notice] 1#1: start worker process 36
2026/06/07 03:52:51 [notice] 1#1: using the "epoll" event method
2026/06/07 03:52:51 [notice] 1#1: nginx/1.31.1
2026/06/07 03:52:51 [notice] 1#1: built by gcc 15.2.0 (Alpine 15.2.0) 
2026/06/07 03:52:51 [notice] 1#1: OS: Linux 6.6.114.1-microsoft-standard-WSL2
2026/06/07 03:52:51 [notice] 1#1: getrlimit(RLIMIT_NOFILE): 1048576:1048576
2026/06/07 03:52:51 [notice] 1#1: start worker processes
2026/06/07 03:52:51 [notice] 1#1: start worker process 29
2026/06/07 03:52:51 [notice] 1#1: start worker process 30
2026/06/07 03:52:51 [notice] 1#1: start worker process 31
2026/06/07 03:52:51 [notice] 1#1: start worker process 32
2026/06/07 03:52:51 [notice] 1#1: start worker process 33
2026/06/07 03:52:51 [notice] 1#1: start worker process 34
2026/06/07 03:52:51 [notice] 1#1: start worker process 35
2026/06/07 03:52:51 [notice] 1#1: start worker process 36
2026/06/18 08:34:21 [notice] 1#1: using the "epoll" event method
2026/06/18 08:34:21 [notice] 1#1: nginx/1.31.1
2026/06/18 08:34:21 [notice] 1#1: built by gcc 15.2.0 (Alpine 15.2.0) 
2026/06/18 08:34:21 [notice] 1#1: OS: Linux 6.18.33.1-microsoft-standard-WSL2
2026/06/18 08:34:21 [notice] 1#1: getrlimit(RLIMIT_NOFILE): 1048576:1048576
2026/06/18 08:34:21 [notice] 1#1: start worker processes
2026/06/18 08:34:21 [notice] 1#1: start worker process 29
2026/06/18 08:34:21 [notice] 1#1: start worker process 30
2026/06/18 08:34:21 [notice] 1#1: start worker process 31
2026/06/18 08:34:21 [notice] 1#1: start worker process 32
2026/06/18 08:34:21 [notice] 1#1: start worker process 33
2026/06/18 08:34:21 [notice] 1#1: start worker process 34
2026/06/18 08:34:21 [notice] 1#1: start worker process 35
2026/06/18 08:34:21 [notice] 1#1: start worker process 36
2026/06/18 15:47:35 [notice] 1#1: signal 3 (SIGQUIT) received, shutting down
2026/06/18 15:47:35 [notice] 30#30: gracefully shutting down
2026/06/18 15:47:35 [notice] 31#31: gracefully shutting down
2026/06/18 15:47:35 [notice] 29#29: gracefully shutting down
2026/06/18 15:47:35 [notice] 32#32: gracefully shutting down
2026/06/18 15:47:35 [notice] 33#33: gracefully shutting down
2026/06/18 15:47:35 [notice] 34#34: gracefully shutting down
2026/06/18 15:47:35 [notice] 35#35: gracefully shutting down
2026/06/18 15:47:35 [notice] 32#32: exiting
2026/06/18 15:47:35 [notice] 36#36: gracefully shutting down
2026/06/18 15:47:35 [notice] 31#31: exiting
2026/06/18 15:47:35 [notice] 35#35: exiting
2026/06/18 15:47:35 [notice] 29#29: exiting
2026/06/18 15:47:35 [notice] 36#36: exiting
2026/06/18 15:47:35 [notice] 33#33: exiting
2026/06/18 15:47:35 [notice] 36#36: exit
2026/06/18 15:47:35 [notice] 34#34: exiting
2026/06/18 15:47:35 [notice] 30#30: exiting
2026/06/18 15:47:35 [notice] 31#31: exit
2026/06/18 15:47:35 [notice] 35#35: exit
2026/06/18 15:47:35 [notice] 29#29: exit
2026/06/18 15:47:35 [notice] 33#33: exit
2026/06/18 15:47:35 [notice] 32#32: exit
2026/06/18 15:47:35 [notice] 34#34: exit
2026/06/18 15:47:35 [notice] 30#30: exit
2026/06/18 15:47:35 [notice] 1#1: signal 17 (SIGCHLD) received from 36
2026/06/18 15:47:35 [notice] 1#1: worker process 36 exited with code 0
2026/06/18 15:47:35 [notice] 1#1: signal 29 (SIGIO) received
2026/06/18 15:47:35 [notice] 1#1: signal 17 (SIGCHLD) received from 29
2026/06/18 15:47:35 [notice] 1#1: worker process 29 exited with code 0
2026/06/18 15:47:35 [notice] 1#1: worker process 34 exited with code 0
2026/06/18 15:47:35 [notice] 1#1: signal 29 (SIGIO) received
2026/06/18 15:47:35 [notice] 1#1: signal 17 (SIGCHLD) received from 34
2026/06/18 15:47:35 [notice] 1#1: worker process 30 exited with code 0
2026/06/18 15:47:35 [notice] 1#1: worker process 32 exited with code 0
2026/06/18 15:47:35 [notice] 1#1: signal 29 (SIGIO) received
2026/06/18 15:47:35 [notice] 1#1: signal 17 (SIGCHLD) received from 33
2026/06/18 15:47:35 [notice] 1#1: worker process 31 exited with code 0
2026/06/18 15:47:35 [notice] 1#1: worker process 33 exited with code 0
2026/06/18 15:47:35 [notice] 1#1: signal 29 (SIGIO) received
2026/06/18 15:47:35 [notice] 1#1: signal 17 (SIGCHLD) received from 31
2026/06/18 15:47:35 [notice] 1#1: signal 17 (SIGCHLD) received from 35
2026/06/18 15:47:35 [notice] 1#1: worker process 35 exited with code 0
2026/06/18 15:47:35 [notice] 1#1: exit
2026/06/19 10:26:44 [notice] 1#1: using the "epoll" event method
2026/06/19 10:26:44 [notice] 1#1: nginx/1.31.1
2026/06/19 10:26:44 [notice] 1#1: built by gcc 15.2.0 (Alpine 15.2.0) 
2026/06/19 10:26:44 [notice] 1#1: OS: Linux 6.18.33.1-microsoft-standard-WSL2
2026/06/19 10:26:44 [notice] 1#1: getrlimit(RLIMIT_NOFILE): 1048576:1048576
2026/06/19 10:26:44 [notice] 1#1: start worker processes
2026/06/19 10:26:44 [notice] 1#1: start worker process 29
2026/06/19 10:26:44 [notice] 1#1: start worker process 30
2026/06/19 10:26:44 [notice] 1#1: start worker process 31
2026/06/19 10:26:44 [notice] 1#1: start worker process 32
2026/06/19 10:26:44 [notice] 1#1: start worker process 33
2026/06/19 10:26:44 [notice] 1#1: start worker process 34
2026/06/19 10:26:44 [notice] 1#1: start worker process 35
2026/06/19 10:26:44 [notice] 1#1: start worker process 36
2026/06/25 04:39:19 [notice] 1#1: using the "epoll" event method
2026/06/25 04:39:19 [notice] 1#1: nginx/1.31.1
2026/06/25 04:39:19 [notice] 1#1: built by gcc 15.2.0 (Alpine 15.2.0) 
2026/06/25 04:39:19 [notice] 1#1: OS: Linux 6.18.33.1-microsoft-standard-WSL2
2026/06/25 04:39:19 [notice] 1#1: getrlimit(RLIMIT_NOFILE): 1048576:1048576
2026/06/25 04:39:19 [notice] 1#1: start worker processes
2026/06/25 04:39:19 [notice] 1#1: start worker process 29
2026/06/25 04:39:19 [notice] 1#1: start worker process 30
2026/06/25 04:39:19 [notice] 1#1: start worker process 31
2026/06/25 04:39:19 [notice] 1#1: start worker process 32
2026/06/25 04:39:19 [notice] 1#1: start worker process 33
2026/06/25 04:39:19 [notice] 1#1: start worker process 34
2026/06/25 04:39:19 [notice] 1#1: start worker process 35
2026/06/25 04:39:19 [notice] 1#1: start worker process 36
